<?xml version="1.0" encoding="UTF-8"?>
<testsuite xmlns:xsi="http://www.w3.org/2001/XMLSchema-instance" xsi:noNamespaceSchemaLocation="https://maven.apache.org/surefire/maven-surefire-plugin/xsd/surefire-test-report-3.0.xsd" version="3.0" name="br.ufscar.dc.dsw.OassApplicationTests" time="12.514" tests="1" errors="0" skipped="0" failures="0">
  <properties>
[...]
</properties>
  <testcase name="contextLoads" classname="br.ufscar.dc.dsw.OassApplicationTests" time="0.873">
    <system-out><![CDATA[15:23:15.347 [main] INFO org.springframework.test.context.support.AnnotationConfigContextLoaderUtils -- Could not detect default configuration classes for test class [br.ufscar.dc.dsw.OassApplicationTests]: OassApplicationTests does not declare any static, non-private, non-final, nested classes annotated with @Configuration.
15:23:15.593 [main] INFO org.springframework.boot.test.context.SpringBootTestContextBootstrapper -- Found @SpringBootConfiguration br.ufscar.dc.dsw.OassApplication for test class br.ufscar.dc.dsw.OassApplicationTests
15:23:15.869 [main] INFO org.springframework.boot.devtools.restart.RestartApplicationListener -- Restart disabled due to context in which it is running

  .   ____          _            __ _ _
 /\\ / ___'_ __ _ _(_)_ __  __ _ \ \ \ \
( ( )\___ | '_ | '_| | '_ \/ _` | \ \ \ \
 \\/  ___)| |_)| | | | | || (_| |  ) ) ) )
  '  |____| .__|_| |_|_| |_\__, | / / / /
 =========|_|==============|___/=/_/_/_/

 :: Spring Boot ::                (v3.3.2)

2024-09-02T15:23:16.325-03:00  INFO 37644 --- [           main] br.ufscar.dc.dsw.OassApplicationTests    : Starting OassApplicationTests using Java 17.0.11 with PID 37644 (started by danie in C:\Users\danie\OneDrive\Desktop\DANIEL\BCC\WEB I\WEB1\T2)
2024-09-02T15:23:16.328-03:00  INFO 37644 --- [           main] br.ufscar.dc.dsw.OassApplicationTests    : No active profile set, falling back to 1 default profile: "default"
2024-09-02T15:23:17.829-03:00  INFO 37644 --- [           main] .s.d.r.c.RepositoryConfigurationDelegate : Bootstrapping Spring Data JPA repositories in DEFAULT mode.
2024-09-02T15:23:17.922-03:00  INFO 37644 --- [           main] .s.d.r.c.RepositoryConfigurationDelegate : Finished Spring Data repository scanning in 79 ms. Found 4 JPA repository interfaces.
2024-09-02T15:23:18.734-03:00  INFO 37644 --- [           main] o.hibernate.jpa.internal.util.LogHelper  : HHH000204: Processing PersistenceUnitInfo [name: default]
2024-09-02T15:23:18.862-03:00  INFO 37644 --- [           main] org.hibernate.Version                    : HHH000412: Hibernate ORM core version 6.5.2.Final
2024-09-02T15:23:18.911-03:00  INFO 37644 --- [           main] o.h.c.internal.RegionFactoryInitiator    : HHH000026: Second-level cache disabled
2024-09-02T15:23:19.478-03:00  INFO 37644 --- [           main] o.s.o.j.p.SpringPersistenceUnitInfo      : No LoadTimeWeaver setup: ignoring JPA class transformer
2024-09-02T15:23:19.516-03:00  INFO 37644 --- [           main] com.zaxxer.hikari.HikariDataSource       : HikariPool-1 - Starting...
2024-09-02T15:23:20.025-03:00  INFO 37644 --- [           main] com.zaxxer.hikari.pool.HikariPool        : HikariPool-1 - Added connection com.mysql.cj.jdbc.ConnectionImpl@570ed9c
2024-09-02T15:23:20.029-03:00  INFO 37644 --- [           main] com.zaxxer.hikari.HikariDataSource       : HikariPool-1 - Start completed.
2024-09-02T15:23:21.690-03:00  INFO 37644 --- [           main] o.h.e.t.j.p.i.JtaPlatformInitiator       : HHH000489: No JTA platform available (set 'hibernate.transaction.jta.platform' to enable JTA platform integration)
Hibernate: alter table Cliente drop foreign key FKc3su85u2uiowlhahitpowhtvo
Hibernate: alter table Consulta drop foreign key FKf9cypujx2jkto76r79sexcuok
Hibernate: alter table Consulta drop foreign key FKh6fyc99wlws7b8mrjuu88ljhj
Hibernate: alter table Profissional drop foreign key FK423bhf0xdb1a8on92hlmujlp2
Hibernate: drop table if exists Cliente
Hibernate: drop table if exists Consulta
Hibernate: drop table if exists Profissional
Hibernate: drop table if exists Usuario
Hibernate: create table Cliente (dataNascimento date not null, id bigint not null, sexo varchar(10) not null, telefone varchar(15) not null, primary key (id)) engine=InnoDB
Hibernate: create table Consulta (cliente_id bigint not null, dataHora datetime(6) not null, id bigint not null auto_increment, profissional_id bigint not null, primary key (id)) engine=InnoDB
Hibernate: create table Profissional (id bigint not null, especialidade varchar(255) not null, qualificacao mediumblob, primary key (id)) engine=InnoDB
Hibernate: create table Usuario (id bigint not null auto_increment, CPF varchar(14) not null, papel varchar(20) not null, email varchar(60) not null, nome varchar(60) not null, senha varchar(255) not null, primary key (id)) engine=InnoDB
Hibernate: alter table Usuario add constraint UK9hupcsjyx3nowos7wci4hgn8u unique (CPF)
Hibernate: alter table Usuario add constraint UK4tdehxj7dh8ghfc68kbwbsbll unique (email)
Hibernate: alter table Usuario add constraint UK73l619d30rt4w3wvgnu7oqot3 unique (nome)
Hibernate: alter table Cliente add constraint FKc3su85u2uiowlhahitpowhtvo foreign key (id) references Usuario (id)
Hibernate: alter table Consulta add constraint FKf9cypujx2jkto76r79sexcuok foreign key (cliente_id) references Cliente (id)
Hibernate: alter table Consulta add constraint FKh6fyc99wlws7b8mrjuu88ljhj foreign key (profissional_id) references Profissional (id)
Hibernate: alter table Profissional add constraint FK423bhf0xdb1a8on92hlmujlp2 foreign key (id) references Usuario (id)
2024-09-02T15:23:22.251-03:00  INFO 37644 --- [           main] j.LocalContainerEntityManagerFactoryBean : Initialized JPA EntityManagerFactory for persistence unit 'default'
2024-09-02T15:23:22.801-03:00  INFO 37644 --- [           main] o.s.d.j.r.query.QueryEnhancerFactory     : Hibernate is in classpath; If applicable, HQL parser will be used.
2024-09-02T15:23:23.549-03:00  INFO 37644 --- [           main] eAuthenticationProviderManagerConfigurer : Global AuthenticationManager configured with AuthenticationProvider bean with name authenticationProvider
2024-09-02T15:23:23.551-03:00  WARN 37644 --- [           main] r$InitializeUserDetailsManagerConfigurer : Global AuthenticationManager configured with an AuthenticationProvider bean. UserDetailsService beans will not be used for username/password login. Consider removing the AuthenticationProvider bean. Alternatively, consider using the UserDetailsService in a manually instantiated DaoAuthenticationProvider.
2024-09-02T15:23:25.465-03:00  INFO 37644 --- [           main] br.ufscar.dc.dsw.OassApplicationTests    : Started OassApplicationTests in 9.61 seconds (process running for 11.184)
Hibernate: insert into Usuario (CPF,email,nome,papel,senha) values (?,?,?,?,?)
Hibernate: insert into Usuario (CPF,email,nome,papel,senha) values (?,?,?,?,?)
Hibernate: insert into Cliente (dataNascimento,sexo,telefone,id) values (?,?,?,?)
Hibernate: insert into Usuario (CPF,email,nome,papel,senha) values (?,?,?,?,?)
Hibernate: insert into Cliente (dataNascimento,sexo,telefone,id) values (?,?,?,?)
Hibernate: insert into Usuario (CPF,email,nome,papel,senha) values (?,?,?,?,?)
Hibernate: insert into Cliente (dataNascimento,sexo,telefone,id) values (?,?,?,?)
Hibernate: insert into Usuario (CPF,email,nome,papel,senha) values (?,?,?,?,?)
Hibernate: insert into Profissional (especialidade,qualificacao,id) values (?,?,?)
Hibernate: insert into Usuario (CPF,email,nome,papel,senha) values (?,?,?,?,?)
Hibernate: insert into Profissional (especialidade,qualificacao,id) values (?,?,?)
Hibernate: insert into Usuario (CPF,email,nome,papel,senha) values (?,?,?,?,?)
Hibernate: insert into Profissional (especialidade,qualificacao,id) values (?,?,?)
]]></system-out>
  </testcase>
</testsuite>